{"/Users/bradleygauthier/sitecast/synova/repos/capsule/reference/typescript/src/canonical.ts": {"path":"/Users/bradleygauthier/sitecast/synova/repos/capsule/reference/typescript/src/canonical.ts","statementMap":{"0":{"start":{"line":13,"column":20},"end":{"line":16,"column":null}},"1":{"start":{"line":28,"column":2},"end":{"line":28,"column":null}},"2":{"start":{"line":32,"column":2},"end":{"line":34,"column":null}},"3":{"start":{"line":33,"column":4},"end":{"line":33,"column":null}},"4":{"start":{"line":36,"column":2},"end":{"line":38,"column":null}},"5":{"start":{"line":37,"column":4},"end":{"line":37,"column":null}},"6":{"start":{"line":40,"column":2},"end":{"line":45,"column":null}},"7":{"start":{"line":41,"column":4},"end":{"line":43,"column":null}},"8":{"start":{"line":42,"column":6},"end":{"line":42,"column":null}},"9":{"start":{"line":44,"column":4},"end":{"line":44,"column":null}},"10":{"start":{"line":47,"column":2},"end":{"line":49,"column":null}},"11":{"start":{"line":48,"column":4},"end":{"line":48,"column":null}},"12":{"start":{"line":51,"column":2},"end":{"line":55,"column":null}},"13":{"start":{"line":52,"column":21},"end":{"line":52,"column":null}},"14":{"start":{"line":53,"column":18},"end":{"line":53,"column":null}},"15":{"start":{"line":53,"column":38},"end":{"line":53,"column":68}},"16":{"start":{"line":54,"column":4},"end":{"line":54,"column":null}},"17":{"start":{"line":57,"column":2},"end":{"line":65,"column":null}},"18":{"start":{"line":58,"column":16},"end":{"line":58,"column":null}},"19":{"start":{"line":59,"column":17},"end":{"line":59,"column":null}},"20":{"start":{"line":60,"column":18},"end":{"line":63,"column":null}},"21":{"start":{"line":61,"column":24},"end":{"line":61,"column":null}},"22":{"start":{"line":62,"column":6},"end":{"line":62,"column":null}},"23":{"start":{"line":64,"column":4},"end":{"line":64,"column":null}},"24":{"start":{"line":67,"column":2},"end":{"line":67,"column":null}},"25":{"start":{"line":71,"column":2},"end":{"line":71,"column":null}},"26":{"start":{"line":75,"column":2},"end":{"line":77,"column":null}},"27":{"start":{"line":76,"column":4},"end":{"line":76,"column":null}},"28":{"start":{"line":78,"column":2},"end":{"line":78,"column":null}},"29":{"start":{"line":90,"column":12},"end":{"line":90,"column":null}},"30":{"start":{"line":91,"column":2},"end":{"line":93,"column":null}},"31":{"start":{"line":92,"column":4},"end":{"line":92,"column":null}},"32":{"start":{"line":94,"column":2},"end":{"line":94,"column":null}}},"fnMap":{"0":{"name":"canonicalize","decl":{"start":{"line":27,"column":16},"end":{"line":27,"column":29}},"loc":{"start":{"line":27,"column":53},"end":{"line":29,"column":null}},"line":27},"1":{"name":"serializeValue","decl":{"start":{"line":31,"column":9},"end":{"line":31,"column":24}},"loc":{"start":{"line":31,"column":62},"end":{"line":68,"column":null}},"line":31},"2":{"name":"(anonymous_2)","decl":{"start":{"line":53,"column":28},"end":{"line":53,"column":29}},"loc":{"start":{"line":53,"column":38},"end":{"line":53,"column":68}},"line":53},"3":{"name":"(anonymous_3)","decl":{"start":{"line":60,"column":27},"end":{"line":60,"column":28}},"loc":{"start":{"line":60,"column":36},"end":{"line":63,"column":5}},"line":60},"4":{"name":"isFloatPath","decl":{"start":{"line":70,"column":9},"end":{"line":70,"column":21}},"loc":{"start":{"line":70,"column":44},"end":{"line":72,"column":null}},"line":70},"5":{"name":"formatNumber","decl":{"start":{"line":74,"column":9},"end":{"line":74,"column":22}},"loc":{"start":{"line":74,"column":59},"end":{"line":79,"column":null}},"line":74},"6":{"name":"formatFloat","decl":{"start":{"line":89,"column":9},"end":{"line":89,"column":21}},"loc":{"start":{"line":89,"column":44},"end":{"line":95,"column":null}},"line":89}},"branchMap":{"0":{"loc":{"start":{"line":32,"column":2},"end":{"line":34,"column":null}},"type":"if","locations":[{"start":{"line":32,"column":2},"end":{"line":34,"column":null}},{"start":{},"end":{}}],"line":32},"1":{"loc":{"start":{"line":32,"column":6},"end":{"line":32,"column":45}},"type":"binary-expr","locations":[{"start":{"line":32,"column":6},"end":{"line":32,"column":24}},{"start":{"line":32,"column":24},"end":{"line":32,"column":45}}],"line":32},"2":{"loc":{"start":{"line":36,"column":2},"end":{"line":38,"column":null}},"type":"if","locations":[{"start":{"line":36,"column":2},"end":{"line":38,"column":null}},{"start":{},"end":{}}],"line":36},"3":{"loc":{"start":{"line":37,"column":11},"end":{"line":37,"column":null}},"type":"cond-expr","locations":[{"start":{"line":37,"column":19},"end":{"line":37,"column":28}},{"start":{"line":37,"column":28},"end":{"line":37,"column":null}}],"line":37},"4":{"loc":{"start":{"line":40,"column":2},"end":{"line":45,"column":null}},"type":"if","locations":[{"start":{"line":40,"column":2},"end":{"line":45,"column":null}},{"start":{},"end":{}}],"line":40},"5":{"loc":{"start":{"line":41,"column":4},"end":{"line":43,"column":null}},"type":"if","locations":[{"start":{"line":41,"column":4},"end":{"line":43,"column":null}},{"start":{},"end":{}}],"line":41},"6":{"loc":{"start":{"line":47,"column":2},"end":{"line":49,"column":null}},"type":"if","locations":[{"start":{"line":47,"column":2},"end":{"line":49,"column":null}},{"start":{},"end":{}}],"line":47},"7":{"loc":{"start":{"line":51,"column":2},"end":{"line":55,"column":null}},"type":"if","locations":[{"start":{"line":51,"column":2},"end":{"line":55,"column":null}},{"start":{},"end":{}}],"line":51},"8":{"loc":{"start":{"line":52,"column":21},"end":{"line":52,"column":null}},"type":"cond-expr","locations":[{"start":{"line":52,"column":28},"end":{"line":52,"column":42}},{"start":{"line":52,"column":42},"end":{"line":52,"column":null}}],"line":52},"9":{"loc":{"start":{"line":57,"column":2},"end":{"line":65,"column":null}},"type":"if","locations":[{"start":{"line":57,"column":2},"end":{"line":65,"column":null}},{"start":{},"end":{}}],"line":57},"10":{"loc":{"start":{"line":61,"column":24},"end":{"line":61,"column":null}},"type":"cond-expr","locations":[{"start":{"line":61,"column":31},"end":{"line":61,"column":50}},{"start":{"line":61,"column":50},"end":{"line":61,"column":null}}],"line":61},"11":{"loc":{"start":{"line":75,"column":2},"end":{"line":77,"column":null}},"type":"if","locations":[{"start":{"line":75,"column":2},"end":{"line":77,"column":null}},{"start":{},"end":{}}],"line":75},"12":{"loc":{"start":{"line":91,"column":2},"end":{"line":93,"column":null}},"type":"if","locations":[{"start":{"line":91,"column":2},"end":{"line":93,"column":null}},{"start":{},"end":{}}],"line":91},"13":{"loc":{"start":{"line":91,"column":6},"end":{"line":91,"column":71}},"type":"binary-expr","locations":[{"start":{"line":91,"column":6},"end":{"line":91,"column":33}},{"start":{"line":91,"column":33},"end":{"line":91,"column":53}},{"start":{"line":91,"column":53},"end":{"line":91,"column":71}}],"line":91}},"s":{"0":4,"1":111,"2":4554,"3":962,"4":3592,"5":50,"6":3542,"7":418,"8":3,"9":415,"10":3124,"11":1590,"12":1534,"13":515,"14":515,"15":141,"16":515,"17":1019,"18":1018,"19":1018,"20":1018,"21":4302,"22":4302,"23":1018,"24":1,"25":415,"26":415,"27":115,"28":300,"29":115,"30":115,"31":94,"32":21},"f":{"0":111,"1":4554,"2":141,"3":4302,"4":415,"5":415,"6":115},"b":{"0":[962,3592],"1":[4554,3593],"2":[50,3542],"3":[37,13],"4":[418,3124],"5":[3,415],"6":[1590,1534],"7":[515,1019],"8":[512,3],"9":[1018,1],"10":[3246,1056],"11":[115,300],"12":[94,21],"13":[115,94,94]},"meta":{"lastBranch":14,"lastFunction":7,"lastStatement":33,"seen":{"s:13:20:16:Infinity":0,"f:27:16:27:29":0,"s:28:2:28:Infinity":1,"f:31:9:31:24":1,"b:32:2:34:Infinity:undefined:undefined:undefined:undefined":0,"s:32:2:34:Infinity":2,"b:32:6:32:24:32:24:32:45":1,"s:33:4:33:Infinity":3,"b:36:2:38:Infinity:undefined:undefined:undefined:undefined":2,"s:36:2:38:Infinity":4,"s:37:4:37:Infinity":5,"b:37:19:37:28:37:28:37:Infinity":3,"b:40:2:45:Infinity:undefined:undefined:undefined:undefined":4,"s:40:2:45:Infinity":6,"b:41:4:43:Infinity:undefined:undefined:undefined:undefined":5,"s:41:4:43:Infinity":7,"s:42:6:42:Infinity":8,"s:44:4:44:Infinity":9,"b:47:2:49:Infinity:undefined:undefined:undefined:undefined":6,"s:47:2:49:Infinity":10,"s:48:4:48:Infinity":11,"b:51:2:55:Infinity:undefined:undefined:undefined:undefined":7,"s:51:2:55:Infinity":12,"s:52:21:52:Infinity":13,"b:52:28:52:42:52:42:52:Infinity":8,"s:53:18:53:Infinity":14,"f:53:28:53:29":2,"s:53:38:53:68":15,"s:54:4:54:Infinity":16,"b:57:2:65:Infinity:undefined:undefined:undefined:undefined":9,"s:57:2:65:Infinity":17,"s:58:16:58:Infinity":18,"s:59:17:59:Infinity":19,"s:60:18:63:Infinity":20,"f:60:27:60:28":3,"s:61:24:61:Infinity":21,"b:61:31:61:50:61:50:61:Infinity":10,"s:62:6:62:Infinity":22,"s:64:4:64:Infinity":23,"s:67:2:67:Infinity":24,"f:70:9:70:21":4,"s:71:2:71:Infinity":25,"f:74:9:74:22":5,"b:75:2:77:Infinity:undefined:undefined:undefined:undefined":11,"s:75:2:77:Infinity":26,"s:76:4:76:Infinity":27,"s:78:2:78:Infinity":28,"f:89:9:89:21":6,"s:90:12:90:Infinity":29,"b:91:2:93:Infinity:undefined:undefined:undefined:undefined":12,"s:91:2:93:Infinity":30,"b:91:6:91:33:91:33:91:53:91:53:91:71":13,"s:92:4:92:Infinity":31,"s:94:2:94:Infinity":32}}}
,"/Users/bradleygauthier/sitecast/synova/repos/capsule/reference/typescript/src/capsule.ts": {"path":"/Users/bradleygauthier/sitecast/synova/repos/capsule/reference/typescript/src/capsule.ts","statementMap":{"0":{"start":{"line":158,"column":2},"end":{"line":166,"column":null}},"1":{"start":{"line":170,"column":2},"end":{"line":175,"column":null}},"2":{"start":{"line":179,"column":2},"end":{"line":189,"column":null}},"3":{"start":{"line":193,"column":2},"end":{"line":200,"column":null}},"4":{"start":{"line":204,"column":2},"end":{"line":209,"column":null}},"5":{"start":{"line":213,"column":2},"end":{"line":221,"column":null}},"6":{"start":{"line":230,"column":6},"end":{"line":230,"column":null}},"7":{"start":{"line":232,"column":2},"end":{"line":251,"column":null}},"8":{"start":{"line":259,"column":2},"end":{"line":272,"column":null}},"9":{"start":{"line":276,"column":2},"end":{"line":276,"column":null}}},"fnMap":{"0":{"name":"createTrigger","decl":{"start":{"line":157,"column":16},"end":{"line":157,"column":30}},"loc":{"start":{"line":157,"column":81},"end":{"line":167,"column":null}},"line":157},"1":{"name":"createContext","decl":{"start":{"line":169,"column":16},"end":{"line":169,"column":30}},"loc":{"start":{"line":169,"column":81},"end":{"line":176,"column":null}},"line":169},"2":{"name":"createReasoning","decl":{"start":{"line":178,"column":16},"end":{"line":178,"column":32}},"loc":{"start":{"line":178,"column":87},"end":{"line":190,"column":null}},"line":178},"3":{"name":"createAuthority","decl":{"start":{"line":192,"column":16},"end":{"line":192,"column":32}},"loc":{"start":{"line":192,"column":87},"end":{"line":201,"column":null}},"line":192},"4":{"name":"createExecution","decl":{"start":{"line":203,"column":16},"end":{"line":203,"column":32}},"loc":{"start":{"line":203,"column":87},"end":{"line":210,"column":null}},"line":203},"5":{"name":"createOutcome","decl":{"start":{"line":212,"column":16},"end":{"line":212,"column":30}},"loc":{"start":{"line":212,"column":81},"end":{"line":222,"column":null}},"line":212},"6":{"name":"createCapsule","decl":{"start":{"line":224,"column":16},"end":{"line":224,"column":null}},"loc":{"start":{"line":226,"column":11},"end":{"line":252,"column":null}},"line":226},"7":{"name":"toDict","decl":{"start":{"line":258,"column":16},"end":{"line":258,"column":23}},"loc":{"start":{"line":258,"column":54},"end":{"line":273,"column":null}},"line":258},"8":{"name":"isSealed","decl":{"start":{"line":275,"column":16},"end":{"line":275,"column":25}},"loc":{"start":{"line":275,"column":52},"end":{"line":277,"column":null}},"line":275}},"branchMap":{"0":{"loc":{"start":{"line":230,"column":6},"end":{"line":230,"column":null}},"type":"binary-expr","locations":[{"start":{"line":230,"column":6},"end":{"line":230,"column":17}},{"start":{"line":230,"column":17},"end":{"line":230,"column":null}}],"line":230},"1":{"loc":{"start":{"line":276,"column":12},"end":{"line":276,"column":null}},"type":"binary-expr","locations":[{"start":{"line":276,"column":12},"end":{"line":276,"column":28}},{"start":{"line":276,"column":28},"end":{"line":276,"column":null}}],"line":276}},"s":{"0":32,"1":32,"2":32,"3":32,"4":32,"5":32,"6":31,"7":31,"8":28,"9":2},"f":{"0":32,"1":32,"2":32,"3":32,"4":32,"5":32,"6":31,"7":28,"8":2},"b":{"0":[31,8],"1":[2,1]},"meta":{"lastBranch":2,"lastFunction":9,"lastStatement":10,"seen":{"f:157:16:157:30":0,"s:158:2:166:Infinity":0,"f:169:16:169:30":1,"s:170:2:175:Infinity":1,"f:178:16:178:32":2,"s:179:2:189:Infinity":2,"f:192:16:192:32":3,"s:193:2:200:Infinity":3,"f:203:16:203:32":4,"s:204:2:209:Infinity":4,"f:212:16:212:30":5,"s:213:2:221:Infinity":5,"f:224:16:224:Infinity":6,"s:230:6:230:Infinity":6,"b:230:6:230:17:230:17:230:Infinity":0,"s:232:2:251:Infinity":7,"f:258:16:258:23":7,"s:259:2:272:Infinity":8,"f:275:16:275:25":8,"s:276:2:276:Infinity":9,"b:276:12:276:28:276:28:276:Infinity":1}}}
,"/Users/bradleygauthier/sitecast/synova/repos/capsule/reference/typescript/src/chain.ts": {"path":"/Users/bradleygauthier/sitecast/synova/repos/capsule/reference/typescript/src/chain.ts","statementMap":{"0":{"start":{"line":30,"column":2},"end":{"line":32,"column":null}},"1":{"start":{"line":31,"column":4},"end":{"line":31,"column":null}},"2":{"start":{"line":34,"column":2},"end":{"line":66,"column":null}},"3":{"start":{"line":34,"column":15},"end":{"line":34,"column":18}},"4":{"start":{"line":35,"column":20},"end":{"line":35,"column":null}},"5":{"start":{"line":37,"column":4},"end":{"line":44,"column":null}},"6":{"start":{"line":38,"column":6},"end":{"line":43,"column":null}},"7":{"start":{"line":46,"column":4},"end":{"line":65,"column":null}},"8":{"start":{"line":47,"column":6},"end":{"line":54,"column":null}},"9":{"start":{"line":48,"column":8},"end":{"line":53,"column":null}},"10":{"start":{"line":56,"column":27},"end":{"line":56,"column":null}},"11":{"start":{"line":57,"column":6},"end":{"line":64,"column":null}},"12":{"start":{"line":58,"column":8},"end":{"line":63,"column":null}},"13":{"start":{"line":68,"column":2},"end":{"line":73,"column":null}}},"fnMap":{"0":{"name":"verifyChain","decl":{"start":{"line":29,"column":16},"end":{"line":29,"column":28}},"loc":{"start":{"line":29,"column":74},"end":{"line":74,"column":null}},"line":29}},"branchMap":{"0":{"loc":{"start":{"line":30,"column":2},"end":{"line":32,"column":null}},"type":"if","locations":[{"start":{"line":30,"column":2},"end":{"line":32,"column":null}},{"start":{},"end":{}}],"line":30},"1":{"loc":{"start":{"line":37,"column":4},"end":{"line":44,"column":null}},"type":"if","locations":[{"start":{"line":37,"column":4},"end":{"line":44,"column":null}},{"start":{},"end":{}}],"line":37},"2":{"loc":{"start":{"line":46,"column":4},"end":{"line":65,"column":null}},"type":"if","locations":[{"start":{"line":46,"column":4},"end":{"line":65,"column":null}},{"start":{"line":55,"column":11},"end":{"line":65,"column":null}}],"line":46},"3":{"loc":{"start":{"line":47,"column":6},"end":{"line":54,"column":null}},"type":"if","locations":[{"start":{"line":47,"column":6},"end":{"line":54,"column":null}},{"start":{},"end":{}}],"line":47},"4":{"loc":{"start":{"line":57,"column":6},"end":{"line":64,"column":null}},"type":"if","locations":[{"start":{"line":57,"column":6},"end":{"line":64,"column":null}},{"start":{},"end":{}}],"line":57}},"s":{"0":6,"1":1,"2":5,"3":5,"4":12,"5":12,"6":1,"7":11,"8":5,"9":1,"10":6,"11":6,"12":1,"13":2},"f":{"0":6},"b":{"0":[1,5],"1":[1,11],"2":[5,6],"3":[1,4],"4":[1,5]},"meta":{"lastBranch":5,"lastFunction":1,"lastStatement":14,"seen":{"f:29:16:29:28":0,"b:30:2:32:Infinity:undefined:undefined:undefined:undefined":0,"s:30:2:32:Infinity":0,"s:31:4:31:Infinity":1,"s:34:2:66:Infinity":2,"s:34:15:34:18":3,"s:35:20:35:Infinity":4,"b:37:4:44:Infinity:undefined:undefined:undefined:undefined":1,"s:37:4:44:Infinity":5,"s:38:6:43:Infinity":6,"b:46:4:65:Infinity:55:11:65:Infinity":2,"s:46:4:65:Infinity":7,"b:47:6:54:Infinity:undefined:undefined:undefined:undefined":3,"s:47:6:54:Infinity":8,"s:48:8:53:Infinity":9,"s:56:27:56:Infinity":10,"b:57:6:64:Infinity:undefined:undefined:undefined:undefined":4,"s:57:6:64:Infinity":11,"s:58:8:63:Infinity":12,"s:68:2:73:Infinity":13}}}
,"/Users/bradleygauthier/sitecast/synova/repos/capsule/reference/typescript/src/index.ts": {"path":"/Users/bradleygauthier/sitecast/synova/repos/capsule/reference/typescript/src/index.ts","statementMap":{},"fnMap":{},"branchMap":{},"s":{},"f":{},"b":{},"meta":{"lastBranch":0,"lastFunction":0,"lastStatement":0,"seen":{}}}
,"/Users/bradleygauthier/sitecast/synova/repos/capsule/reference/typescript/src/seal.ts": {"path":"/Users/bradleygauthier/sitecast/synova/repos/capsule/reference/typescript/src/seal.ts","statementMap":{"0":{"start":{"line":25,"column":8},"end":{"line":25,"column":null}},"1":{"start":{"line":26,"column":16},"end":{"line":26,"column":null}},"2":{"start":{"line":27,"column":2},"end":{"line":27,"column":null}},"3":{"start":{"line":35,"column":8},"end":{"line":35,"column":null}},"4":{"start":{"line":36,"column":16},"end":{"line":36,"column":null}},"5":{"start":{"line":37,"column":2},"end":{"line":37,"column":null}},"6":{"start":{"line":54,"column":8},"end":{"line":54,"column":null}},"7":{"start":{"line":55,"column":18},"end":{"line":55,"column":null}},"8":{"start":{"line":57,"column":20},"end":{"line":57,"column":null}},"9":{"start":{"line":58,"column":20},"end":{"line":58,"column":null}},"10":{"start":{"line":60,"column":20},"end":{"line":60,"column":null}},"11":{"start":{"line":62,"column":2},"end":{"line":62,"column":null}},"12":{"start":{"line":63,"column":2},"end":{"line":63,"column":null}},"13":{"start":{"line":64,"column":2},"end":{"line":64,"column":null}},"14":{"start":{"line":65,"column":2},"end":{"line":65,"column":null}},"15":{"start":{"line":66,"column":2},"end":{"line":66,"column":null}},"16":{"start":{"line":68,"column":2},"end":{"line":68,"column":null}},"17":{"start":{"line":85,"column":2},"end":{"line":87,"column":null}},"18":{"start":{"line":86,"column":4},"end":{"line":86,"column":null}},"19":{"start":{"line":89,"column":2},"end":{"line":103,"column":null}},"20":{"start":{"line":90,"column":10},"end":{"line":90,"column":null}},"21":{"start":{"line":91,"column":25},"end":{"line":91,"column":null}},"22":{"start":{"line":93,"column":4},"end":{"line":95,"column":null}},"23":{"start":{"line":94,"column":6},"end":{"line":94,"column":null}},"24":{"start":{"line":97,"column":22},"end":{"line":97,"column":null}},"25":{"start":{"line":98,"column":27},"end":{"line":98,"column":null}},"26":{"start":{"line":100,"column":4},"end":{"line":100,"column":null}},"27":{"start":{"line":102,"column":4},"end":{"line":102,"column":null}},"28":{"start":{"line":115,"column":21},"end":{"line":115,"column":null}},"29":{"start":{"line":116,"column":2},"end":{"line":119,"column":null}},"30":{"start":{"line":124,"column":14},"end":{"line":124,"column":null}},"31":{"start":{"line":125,"column":2},"end":{"line":125,"column":null}},"32":{"start":{"line":133,"column":16},"end":{"line":133,"column":null}},"33":{"start":{"line":134,"column":2},"end":{"line":136,"column":null}},"34":{"start":{"line":134,"column":15},"end":{"line":134,"column":18}},"35":{"start":{"line":135,"column":4},"end":{"line":135,"column":null}},"36":{"start":{"line":137,"column":2},"end":{"line":137,"column":null}}},"fnMap":{"0":{"name":"computeHash","decl":{"start":{"line":24,"column":16},"end":{"line":24,"column":28}},"loc":{"start":{"line":24,"column":62},"end":{"line":28,"column":null}},"line":24},"1":{"name":"computeHashFromDict","decl":{"start":{"line":34,"column":16},"end":{"line":34,"column":36}},"loc":{"start":{"line":34,"column":75},"end":{"line":38,"column":null}},"line":34},"2":{"name":"seal","decl":{"start":{"line":50,"column":22},"end":{"line":50,"column":null}},"loc":{"start":{"line":53,"column":20},"end":{"line":69,"column":null}},"line":53},"3":{"name":"verify","decl":{"start":{"line":81,"column":22},"end":{"line":81,"column":null}},"loc":{"start":{"line":84,"column":20},"end":{"line":104,"column":null}},"line":84},"4":{"name":"generateKeyPair","decl":{"start":{"line":111,"column":16},"end":{"line":111,"column":null}},"loc":{"start":{"line":114,"column":2},"end":{"line":120,"column":null}},"line":114},"5":{"name":"getFingerprint","decl":{"start":{"line":123,"column":22},"end":{"line":123,"column":37}},"loc":{"start":{"line":123,"column":78},"end":{"line":126,"column":null}},"line":123},"6":{"name":"hexToBytes","decl":{"start":{"line":132,"column":9},"end":{"line":132,"column":20}},"loc":{"start":{"line":132,"column":45},"end":{"line":138,"column":null}},"line":132}},"branchMap":{"0":{"loc":{"start":{"line":85,"column":2},"end":{"line":87,"column":null}},"type":"if","locations":[{"start":{"line":85,"column":2},"end":{"line":87,"column":null}},{"start":{},"end":{}}],"line":85},"1":{"loc":{"start":{"line":85,"column":6},"end":{"line":85,"column":43}},"type":"binary-expr","locations":[{"start":{"line":85,"column":6},"end":{"line":85,"column":23}},{"start":{"line":85,"column":23},"end":{"line":85,"column":43}}],"line":85},"2":{"loc":{"start":{"line":93,"column":4},"end":{"line":95,"column":null}},"type":"if","locations":[{"start":{"line":93,"column":4},"end":{"line":95,"column":null}},{"start":{},"end":{}}],"line":93}},"s":{"0":27,"1":27,"2":27,"3":30,"4":30,"5":30,"6":18,"7":18,"8":18,"9":18,"10":18,"11":18,"12":18,"13":18,"14":18,"15":18,"16":18,"17":6,"18":1,"19":5,"20":5,"21":5,"22":5,"23":1,"24":4,"25":4,"26":4,"27":1,"28":16,"29":16,"30":3,"31":3,"32":4,"33":4,"34":4,"35":193,"36":4},"f":{"0":27,"1":30,"2":18,"3":6,"4":16,"5":3,"6":4},"b":{"0":[1,5],"1":[6,5],"2":[1,4]},"meta":{"lastBranch":3,"lastFunction":7,"lastStatement":37,"seen":{"f:24:16:24:28":0,"s:25:8:25:Infinity":0,"s:26:16:26:Infinity":1,"s:27:2:27:Infinity":2,"f:34:16:34:36":1,"s:35:8:35:Infinity":3,"s:36:16:36:Infinity":4,"s:37:2:37:Infinity":5,"f:50:22:50:Infinity":2,"s:54:8:54:Infinity":6,"s:55:18:55:Infinity":7,"s:57:20:57:Infinity":8,"s:58:20:58:Infinity":9,"s:60:20:60:Infinity":10,"s:62:2:62:Infinity":11,"s:63:2:63:Infinity":12,"s:64:2:64:Infinity":13,"s:65:2:65:Infinity":14,"s:66:2:66:Infinity":15,"s:68:2:68:Infinity":16,"f:81:22:81:Infinity":3,"b:85:2:87:Infinity:undefined:undefined:undefined:undefined":0,"s:85:2:87:Infinity":17,"b:85:6:85:23:85:23:85:43":1,"s:86:4:86:Infinity":18,"s:89:2:103:Infinity":19,"s:90:10:90:Infinity":20,"s:91:25:91:Infinity":21,"b:93:4:95:Infinity:undefined:undefined:undefined:undefined":2,"s:93:4:95:Infinity":22,"s:94:6:94:Infinity":23,"s:97:22:97:Infinity":24,"s:98:27:98:Infinity":25,"s:100:4:100:Infinity":26,"s:102:4:102:Infinity":27,"f:111:16:111:Infinity":4,"s:115:21:115:Infinity":28,"s:116:2:119:Infinity":29,"f:123:22:123:37":5,"s:124:14:124:Infinity":30,"s:125:2:125:Infinity":31,"f:132:9:132:20":6,"s:133:16:133:Infinity":32,"s:134:2:136:Infinity":33,"s:134:15:134:18":34,"s:135:4:135:Infinity":35,"s:137:2:137:Infinity":36}}}
}
